<?xml version="1.0" encoding="UTF-8"?>
<testsuite xmlns:xsi="http://www.w3.org/2001/XMLSchema-instance" xsi:noNamespaceSchemaLocation="https://maven.apache.org/surefire/maven-surefire-plugin/xsd/surefire-test-report.xsd" version="3.0.2" name="com.example.projet_802.Projet802ApplicationTests" time="3.206" tests="1" errors="0" skipped="0" failures="0">
  <properties>
[...]
</properties>
  <testcase name="contextLoads" classname="com.example.projet_802.Projet802ApplicationTests" time="0.502">
    <system-out><![CDATA[19:27:47.567 [main] INFO org.springframework.test.context.support.AnnotationConfigContextLoaderUtils -- Could not detect default configuration classes for test class [com.example.projet_802.Projet802ApplicationTests]: Projet802ApplicationTests does not declare any static, non-private, non-final, nested classes annotated with @Configuration.
19:27:47.648 [main] INFO org.springframework.boot.test.context.SpringBootTestContextBootstrapper -- Found @SpringBootConfiguration com.example.projet_802.Projet802Application for test class com.example.projet_802.Projet802ApplicationTests

  .   ____          _            __ _ _
 /\\ / ___'_ __ _ _(_)_ __  __ _ \ \ \ \
( ( )\___ | '_ | '_| | '_ \/ _` | \ \ \ \
 \\/  ___)| |_)| | | | | || (_| |  ) ) ) )
  '  |____| .__|_| |_|_| |_\__, | / / / /
 =========|_|==============|___/=/_/_/_/

 :: Spring Boot ::                (v3.4.2)

2025-02-12T19:27:48.000+01:00  INFO 229739 --- [projet_802] [           main] c.e.p.Projet802ApplicationTests          : Starting Projet802ApplicationTests using Java 21.0.6 with PID 229739 (started by while4ent in /home/while4ent/Bureau/fac/M1/S8/architectures orientees services/projet/projet_802)
2025-02-12T19:27:48.002+01:00  INFO 229739 --- [projet_802] [           main] c.e.p.Projet802ApplicationTests          : No active profile set, falling back to 1 default profile: "default"
2025-02-12T19:27:48.744+01:00  WARN 229739 --- [projet_802] [           main] trationDelegate$BeanPostProcessorChecker : Bean 'org.springframework.ws.config.annotation.DelegatingWsConfiguration' of type [org.springframework.ws.config.annotation.DelegatingWsConfiguration$$SpringCGLIB$$0] is not eligible for getting processed by all BeanPostProcessors (for example: not eligible for auto-proxying). The currently created BeanPostProcessor [annotationActionEndpointMapping] is declared through a non-static factory method on that class; consider declaring it as static instead.
2025-02-12T19:27:48.766+01:00  INFO 229739 --- [projet_802] [           main] .w.s.a.s.AnnotationActionEndpointMapping : Supporting [WS-Addressing August 2004, WS-Addressing 1.0]
2025-02-12T19:27:48.848+01:00  INFO 229739 --- [projet_802] [           main] o.s.ws.soap.saaj.SaajSoapMessageFactory  : Creating SAAJ 1.3 MessageFactory with SOAP 1.1 Protocol
2025-02-12T19:27:49.516+01:00  INFO 229739 --- [projet_802] [           main] efaultSchemaResourceGraphQlSourceBuilder : Loaded 1 resource(s) in the GraphQL schema.
2025-02-12T19:27:49.659+01:00  INFO 229739 --- [projet_802] [           main] o.s.b.a.g.GraphQlAutoConfiguration       : GraphQL schema inspection:
	Unmapped fields: {}
	Unmapped registrations: {}
	Unmapped arguments: {}
	Skipped types: []
2025-02-12T19:27:49.681+01:00  INFO 229739 --- [projet_802] [           main] s.b.a.g.s.GraphQlWebMvcAutoConfiguration : GraphQL endpoint HTTP POST /graphql
2025-02-12T19:27:49.883+01:00  WARN 229739 --- [projet_802] [           main] i.m.c.i.b.cache.CaffeineCacheMetrics     : The cache 'itineraireCache' is not recording statistics. No meters except 'cache.size' will be registered. Call 'Caffeine#recordStats()' prior to building the cache for metrics to be recorded.
2025-02-12T19:27:49.931+01:00  INFO 229739 --- [projet_802] [           main] o.s.b.a.e.web.EndpointLinksResolver      : Exposing 1 endpoint beneath base path '/actuator'
2025-02-12T19:27:50.084+01:00  INFO 229739 --- [projet_802] [           main] c.e.p.Projet802ApplicationTests          : Started Projet802ApplicationTests in 2.333 seconds (process running for 2.993)
]]></system-out>
    <system-err><![CDATA[Mockito is currently self-attaching to enable the inline-mock-maker. This will no longer work in future releases of the JDK. Please add Mockito as an agent to your build what is described in Mockito's documentation: https://javadoc.io/doc/org.mockito/mockito-core/latest/org/mockito/Mockito.html#0.3
WARNING: A Java agent has been loaded dynamically (/home/while4ent/.m2/repository/net/bytebuddy/byte-buddy-agent/1.15.11/byte-buddy-agent-1.15.11.jar)
WARNING: If a serviceability tool is in use, please run with -XX:+EnableDynamicAgentLoading to hide this warning
WARNING: If a serviceability tool is not in use, please run with -Djdk.instrument.traceUsage for more information
WARNING: Dynamic loading of agents will be disallowed by default in a future release
]]></system-err>
  </testcase>
</testsuite>